<?xml version="1.0" encoding="UTF-8"?>
<!-- Generated by org.testng.reporters.JUnitReportReporter -->
<testsuite hostname="Active30" failures="0" tests="1" name="Simply.GithubSimply" time="2.874" errors="0" timestamp="2023-03-28T15:58:47 IST" skipped="0">
  <testcase classname="Simply.GithubSimply" name="setup" time="2.874"/>
  <system-out/>
</testsuite> <!-- Simply.GithubSimply -->
